<?xml version="1.0" encoding="UTF-8" ?>
<testsuite tests="11" failures="0" name="sorting.test.StudentSortingTest" time="0.024" errors="1" skipped="0">
  <properties>
[...]
</properties>
  <testcase classname="sorting.test.StudentSortingTest" name="testSort01" time="0.01"/>
  <testcase classname="sorting.test.StudentSortingTest" name="testSort02" time="0"/>
  <testcase classname="sorting.test.StudentSortingTest" name="testSort03" time="0"/>
  <testcase classname="sorting.test.StudentSortingTest" name="testSort04" time="0.002"/>
  <testcase classname="sorting.test.StudentSortingTest" name="testSort05" time="0"/>
  <testcase classname="sorting.test.StudentSortingTest" name="testSort06" time="0.001"/>
  <testcase classname="sorting.test.StudentSortingTest" name="testSort07" time="0"/>
  <testcase classname="sorting.test.StudentSortingTest" name="testSort08" time="0.001"/>
  <testcase classname="sorting.test.StudentSortingTest" name="testSort09" time="0.01">
    <error message="Cannot invoke &quot;java.lang.Comparable.compareTo(Object)&quot; because &quot;a[runHi]&quot; is null" type="java.lang.NullPointerException">java.lang.NullPointerException: Cannot invoke &quot;java.lang.Comparable.compareTo(Object)&quot; because &quot;a[runHi]&quot; is null
	at java.base/java.util.ComparableTimSort.countRunAndMakeAscending(ComparableTimSort.java:321)
	at java.base/java.util.ComparableTimSort.sort(ComparableTimSort.java:188)
	at java.base/java.util.Arrays.sort(Arrays.java:1041)
	at sorting.divideAndConquer.quicksort3.QuickSortMedianOfThree.pickPivotIndex(QuickSortMedianOfThree.java:43)
	at sorting.divideAndConquer.quicksort3.QuickSortMedianOfThree.partition(QuickSortMedianOfThree.java:57)
	at sorting.divideAndConquer.quicksort3.QuickSortMedianOfThree.sort(QuickSortMedianOfThree.java:30)
	at sorting.AbstractSorting.sort(AbstractSorting.java:8)
	at sorting.test.StudentSortingTest.genericTest02(StudentSortingTest.java:125)
	at sorting.test.StudentSortingTest.testSort09(StudentSortingTest.java:147)
	at java.base/jdk.internal.reflect.NativeMethodAccessorImpl.invoke0(Native Method)
	at java.base/jdk.internal.reflect.NativeMethodAccessorImpl.invoke(NativeMethodAccessorImpl.java:77)
	at java.base/jdk.internal.reflect.DelegatingMethodAccessorImpl.invoke(DelegatingMethodAccessorImpl.java:43)
	at java.base/java.lang.reflect.Method.invoke(Method.java:568)
	at org.junit.runners.model.FrameworkMethod$1.runReflectiveCall(FrameworkMethod.java:59)
	at org.junit.internal.runners.model.ReflectiveCallable.run(ReflectiveCallable.java:12)
	at org.junit.runners.model.FrameworkMethod.invokeExplosively(FrameworkMethod.java:56)
	at org.junit.internal.runners.statements.InvokeMethod.evaluate(InvokeMethod.java:17)
	at org.junit.internal.runners.statements.RunBefores.evaluate(RunBefores.java:26)
	at org.junit.runners.ParentRunner$3.evaluate(ParentRunner.java:306)
	at org.junit.runners.BlockJUnit4ClassRunner$1.evaluate(BlockJUnit4ClassRunner.java:100)
	at org.junit.runners.ParentRunner.runLeaf(ParentRunner.java:366)
	at org.junit.runners.BlockJUnit4ClassRunner.runChild(BlockJUnit4ClassRunner.java:103)
	at org.junit.runners.BlockJUnit4ClassRunner.runChild(BlockJUnit4ClassRunner.java:63)
	at org.junit.runners.ParentRunner$4.run(ParentRunner.java:331)
	at org.junit.runners.ParentRunner$1.schedule(ParentRunner.java:79)
	at org.junit.runners.ParentRunner.runChildren(ParentRunner.java:329)
	at org.junit.runners.ParentRunner.access$100(ParentRunner.java:66)
	at org.junit.runners.ParentRunner$2.evaluate(ParentRunner.java:293)
	at org.junit.runners.ParentRunner$3.evaluate(ParentRunner.java:306)
	at org.junit.runners.ParentRunner.run(ParentRunner.java:413)
	at org.apache.maven.surefire.junit4.JUnit4Provider.execute(JUnit4Provider.java:252)
	at org.apache.maven.surefire.junit4.JUnit4Provider.executeTestSet(JUnit4Provider.java:141)
	at org.apache.maven.surefire.junit4.JUnit4Provider.invoke(JUnit4Provider.java:112)
	at java.base/jdk.internal.reflect.NativeMethodAccessorImpl.invoke0(Native Method)
	at java.base/jdk.internal.reflect.NativeMethodAccessorImpl.invoke(NativeMethodAccessorImpl.java:77)
	at java.base/jdk.internal.reflect.DelegatingMethodAccessorImpl.invoke(DelegatingMethodAccessorImpl.java:43)
	at java.base/java.lang.reflect.Method.invoke(Method.java:568)
	at org.apache.maven.surefire.util.ReflectionUtils.invokeMethodWithArray(ReflectionUtils.java:189)
	at org.apache.maven.surefire.booter.ProviderFactory$ProviderProxy.invoke(ProviderFactory.java:165)
	at org.apache.maven.surefire.booter.ProviderFactory.invokeProvider(ProviderFactory.java:85)
	at org.apache.maven.surefire.booter.ForkedBooter.runSuitesInProcess(ForkedBooter.java:115)
	at org.apache.maven.surefire.booter.ForkedBooter.main(ForkedBooter.java:75)
</error>
  </testcase>
  <testcase classname="sorting.test.StudentSortingTest" name="testSort10" time="0"/>
  <testcase classname="sorting.test.StudentSortingTest" name="testSort11" time="0"/>
</testsuite>